CRITICAL - 2024-01-02 11:46:42 --> CodeIgniter\Router\Exceptions\RouterException: The namespace delimiter is a backslash (\), not a slash (/). Route handler: "\App\Controllers\signup/Signup::index"
in SYSTEMPATH\Router\Router.php on line 479.
 1 SYSTEMPATH\Router\Router.php(479): CodeIgniter\Router\Exceptions\RouterException::forInvalidControllerName('\\App\\Controllers\\signup/Signup::index')
 2 SYSTEMPATH\Router\Router.php(186): CodeIgniter\Router\Router->checkRoutes('signup')
 3 SYSTEMPATH\CodeIgniter.php(823): CodeIgniter\Router\Router->handle('signup')
 4 SYSTEMPATH\CodeIgniter.php(450): CodeIgniter\CodeIgniter->tryToRouteIt(Object(CodeIgniter\Router\RouteCollection))
 5 SYSTEMPATH\CodeIgniter.php(361): CodeIgniter\CodeIgniter->handleRequest(null, Object(Config\Cache), false)
 6 FCPATH\index.php(79): CodeIgniter\CodeIgniter->run()
 7 SYSTEMPATH\Commands\Server\rewrite.php(47): require_once('C:\\xampp\\htdocs\\github\\infovistar.in\\ci4\\public\\index.php')
CRITICAL - 2024-01-02 11:46:49 --> CodeIgniter\Router\Exceptions\RouterException: The namespace delimiter is a backslash (\), not a slash (/). Route handler: "\App\Controllers\signup/Signup::index"
in SYSTEMPATH\Router\Router.php on line 479.
 1 SYSTEMPATH\Router\Router.php(479): CodeIgniter\Router\Exceptions\RouterException::forInvalidControllerName('\\App\\Controllers\\signup/Signup::index')
 2 SYSTEMPATH\Router\Router.php(186): CodeIgniter\Router\Router->checkRoutes('signup')
 3 SYSTEMPATH\CodeIgniter.php(823): CodeIgniter\Router\Router->handle('signup')
 4 SYSTEMPATH\CodeIgniter.php(450): CodeIgniter\CodeIgniter->tryToRouteIt(Object(CodeIgniter\Router\RouteCollection))
 5 SYSTEMPATH\CodeIgniter.php(361): CodeIgniter\CodeIgniter->handleRequest(null, Object(Config\Cache), false)
 6 FCPATH\index.php(79): CodeIgniter\CodeIgniter->run()
 7 SYSTEMPATH\Commands\Server\rewrite.php(47): require_once('C:\\xampp\\htdocs\\github\\infovistar.in\\ci4\\public\\index.php')
CRITICAL - 2024-01-02 11:47:04 --> CodeIgniter\Router\Exceptions\RouterException: The namespace delimiter is a backslash (\), not a slash (/). Route handler: "\App\Controllers\signup/Signup::index"
in SYSTEMPATH\Router\Router.php on line 479.
 1 SYSTEMPATH\Router\Router.php(479): CodeIgniter\Router\Exceptions\RouterException::forInvalidControllerName('\\App\\Controllers\\signup/Signup::index')
 2 SYSTEMPATH\Router\Router.php(186): CodeIgniter\Router\Router->checkRoutes('signup')
 3 SYSTEMPATH\CodeIgniter.php(823): CodeIgniter\Router\Router->handle('signup')
 4 SYSTEMPATH\CodeIgniter.php(450): CodeIgniter\CodeIgniter->tryToRouteIt(Object(CodeIgniter\Router\RouteCollection))
 5 SYSTEMPATH\CodeIgniter.php(361): CodeIgniter\CodeIgniter->handleRequest(null, Object(Config\Cache), false)
 6 FCPATH\index.php(79): CodeIgniter\CodeIgniter->run()
 7 SYSTEMPATH\Commands\Server\rewrite.php(47): require_once('C:\\xampp\\htdocs\\github\\infovistar.in\\ci4\\public\\index.php')
CRITICAL - 2024-01-02 11:47:18 --> Error: Class "App\Controllers\signup\BaseController" not found
in APPPATH\Controllers\signup\Signup.php on line 5.
 1 SYSTEMPATH\Autoloader\Autoloader.php(309): include_once()
 2 SYSTEMPATH\Autoloader\Autoloader.php(288): CodeIgniter\Autoloader\Autoloader->includeFile('C:\\xampp\\htdocs\\github\\infovistar.in\\ci4\\app\\Controllers\\signup\\Signup.php')
 3 SYSTEMPATH\Autoloader\Autoloader.php(266): CodeIgniter\Autoloader\Autoloader->loadInNamespace('App\\Controllers\\signup\\Signup')
 4 [internal function]: CodeIgniter\Autoloader\Autoloader->loadClass('App\\Controllers\\signup\\Signup')
 5 SYSTEMPATH\CodeIgniter.php(899): class_exists('\\App\\Controllers\\signup\\Signup', true)
 6 SYSTEMPATH\CodeIgniter.php(489): CodeIgniter\CodeIgniter->startController()
 7 SYSTEMPATH\CodeIgniter.php(361): CodeIgniter\CodeIgniter->handleRequest(null, Object(Config\Cache), false)
 8 FCPATH\index.php(79): CodeIgniter\CodeIgniter->run()
 9 SYSTEMPATH\Commands\Server\rewrite.php(47): require_once('C:\\xampp\\htdocs\\github\\infovistar.in\\ci4\\public\\index.php')
CRITICAL - 2024-01-02 11:48:13 --> Error: Class "App\Controllers\signup\BaseController" not found
in APPPATH\Controllers\signup\Signup.php on line 6.
 1 SYSTEMPATH\Autoloader\Autoloader.php(309): include_once()
 2 SYSTEMPATH\Autoloader\Autoloader.php(288): CodeIgniter\Autoloader\Autoloader->includeFile('C:\\xampp\\htdocs\\github\\infovistar.in\\ci4\\app\\Controllers\\signup\\Signup.php')
 3 SYSTEMPATH\Autoloader\Autoloader.php(266): CodeIgniter\Autoloader\Autoloader->loadInNamespace('App\\Controllers\\signup\\Signup')
 4 [internal function]: CodeIgniter\Autoloader\Autoloader->loadClass('App\\Controllers\\signup\\Signup')
 5 SYSTEMPATH\CodeIgniter.php(899): class_exists('\\App\\Controllers\\signup\\Signup', true)
 6 SYSTEMPATH\CodeIgniter.php(489): CodeIgniter\CodeIgniter->startController()
 7 SYSTEMPATH\CodeIgniter.php(361): CodeIgniter\CodeIgniter->handleRequest(null, Object(Config\Cache), false)
 8 FCPATH\index.php(79): CodeIgniter\CodeIgniter->run()
 9 SYSTEMPATH\Commands\Server\rewrite.php(47): require_once('C:\\xampp\\htdocs\\github\\infovistar.in\\ci4\\public\\index.php')
CRITICAL - 2024-01-02 11:49:01 --> CodeIgniter\View\Exceptions\ViewException: Invalid file: "signup.php"
in SYSTEMPATH\Exceptions\FrameworkException.php on line 39.
 1 SYSTEMPATH\View\View.php(216): CodeIgniter\Exceptions\FrameworkException::forInvalidFile('signup.php')
 2 SYSTEMPATH\Common.php(1178): CodeIgniter\View\View->render('signup', [], true)
 3 APPPATH\Controllers\signup\Signup.php(19): view('signup', [...])
 4 APPPATH\Controllers\signup\Signup.php(13): App\Controllers\signup\Signup->signup()
 5 SYSTEMPATH\CodeIgniter.php(941): App\Controllers\signup\Signup->index()
 6 SYSTEMPATH\CodeIgniter.php(502): CodeIgniter\CodeIgniter->runController(Object(App\Controllers\signup\Signup))
 7 SYSTEMPATH\CodeIgniter.php(361): CodeIgniter\CodeIgniter->handleRequest(null, Object(Config\Cache), false)
 8 FCPATH\index.php(79): CodeIgniter\CodeIgniter->run()
 9 SYSTEMPATH\Commands\Server\rewrite.php(47): require_once('C:\\xampp\\htdocs\\github\\infovistar.in\\ci4\\public\\index.php')
WARNING - 2024-01-02 12:08:39 --> [DEPRECATED] Creation of dynamic property App\Controllers\signup\Signup::$login is deprecated in APPPATH\Controllers\signup\Signup.php on line 12.
 1 SYSTEMPATH\CodeIgniter.php(913): App\Controllers\signup\Signup->__construct()
 2 SYSTEMPATH\CodeIgniter.php(493): CodeIgniter\CodeIgniter->createController()
 3 SYSTEMPATH\CodeIgniter.php(361): CodeIgniter\CodeIgniter->handleRequest(null, Object(Config\Cache), false)
 4 FCPATH\index.php(79): CodeIgniter\CodeIgniter->run()
 5 SYSTEMPATH\Commands\Server\rewrite.php(47): require_once('C:\\xampp\\htdocs\\github\\infovistar.in\\ci4\\public\\index.php')
WARNING - 2024-01-02 12:08:39 --> [DEPRECATED] Creation of dynamic property App\Controllers\signup\Signup::$ip_address is deprecated in APPPATH\Controllers\signup\Signup.php on line 14.
 1 SYSTEMPATH\CodeIgniter.php(913): App\Controllers\signup\Signup->__construct()
 2 SYSTEMPATH\CodeIgniter.php(493): CodeIgniter\CodeIgniter->createController()
 3 SYSTEMPATH\CodeIgniter.php(361): CodeIgniter\CodeIgniter->handleRequest(null, Object(Config\Cache), false)
 4 FCPATH\index.php(79): CodeIgniter\CodeIgniter->run()
 5 SYSTEMPATH\Commands\Server\rewrite.php(47): require_once('C:\\xampp\\htdocs\\github\\infovistar.in\\ci4\\public\\index.php')
WARNING - 2024-01-02 12:08:39 --> [DEPRECATED] Creation of dynamic property App\Controllers\signup\Signup::$datetime is deprecated in APPPATH\Controllers\signup\Signup.php on line 15.
 1 SYSTEMPATH\CodeIgniter.php(913): App\Controllers\signup\Signup->__construct()
 2 SYSTEMPATH\CodeIgniter.php(493): CodeIgniter\CodeIgniter->createController()
 3 SYSTEMPATH\CodeIgniter.php(361): CodeIgniter\CodeIgniter->handleRequest(null, Object(Config\Cache), false)
 4 FCPATH\index.php(79): CodeIgniter\CodeIgniter->run()
 5 SYSTEMPATH\Commands\Server\rewrite.php(47): require_once('C:\\xampp\\htdocs\\github\\infovistar.in\\ci4\\public\\index.php')
WARNING - 2024-01-02 12:10:45 --> [DEPRECATED] Creation of dynamic property App\Controllers\signup\Signup::$login is deprecated in APPPATH\Controllers\signup\Signup.php on line 12.
 1 SYSTEMPATH\CodeIgniter.php(913): App\Controllers\signup\Signup->__construct()
 2 SYSTEMPATH\CodeIgniter.php(493): CodeIgniter\CodeIgniter->createController()
 3 SYSTEMPATH\CodeIgniter.php(361): CodeIgniter\CodeIgniter->handleRequest(null, Object(Config\Cache), false)
 4 FCPATH\index.php(79): CodeIgniter\CodeIgniter->run()
 5 SYSTEMPATH\Commands\Server\rewrite.php(47): require_once('C:\\xampp\\htdocs\\github\\infovistar.in\\ci4\\public\\index.php')
WARNING - 2024-01-02 12:10:45 --> [DEPRECATED] Creation of dynamic property App\Controllers\signup\Signup::$ip_address is deprecated in APPPATH\Controllers\signup\Signup.php on line 14.
 1 SYSTEMPATH\CodeIgniter.php(913): App\Controllers\signup\Signup->__construct()
 2 SYSTEMPATH\CodeIgniter.php(493): CodeIgniter\CodeIgniter->createController()
 3 SYSTEMPATH\CodeIgniter.php(361): CodeIgniter\CodeIgniter->handleRequest(null, Object(Config\Cache), false)
 4 FCPATH\index.php(79): CodeIgniter\CodeIgniter->run()
 5 SYSTEMPATH\Commands\Server\rewrite.php(47): require_once('C:\\xampp\\htdocs\\github\\infovistar.in\\ci4\\public\\index.php')
WARNING - 2024-01-02 12:10:45 --> [DEPRECATED] Creation of dynamic property App\Controllers\signup\Signup::$datetime is deprecated in APPPATH\Controllers\signup\Signup.php on line 15.
 1 SYSTEMPATH\CodeIgniter.php(913): App\Controllers\signup\Signup->__construct()
 2 SYSTEMPATH\CodeIgniter.php(493): CodeIgniter\CodeIgniter->createController()
 3 SYSTEMPATH\CodeIgniter.php(361): CodeIgniter\CodeIgniter->handleRequest(null, Object(Config\Cache), false)
 4 FCPATH\index.php(79): CodeIgniter\CodeIgniter->run()
 5 SYSTEMPATH\Commands\Server\rewrite.php(47): require_once('C:\\xampp\\htdocs\\github\\infovistar.in\\ci4\\public\\index.php')
WARNING - 2024-01-02 12:10:50 --> [DEPRECATED] Creation of dynamic property App\Controllers\signup\Signup::$login is deprecated in APPPATH\Controllers\signup\Signup.php on line 12.
 1 SYSTEMPATH\CodeIgniter.php(913): App\Controllers\signup\Signup->__construct()
 2 SYSTEMPATH\CodeIgniter.php(493): CodeIgniter\CodeIgniter->createController()
 3 SYSTEMPATH\CodeIgniter.php(361): CodeIgniter\CodeIgniter->handleRequest(null, Object(Config\Cache), false)
 4 FCPATH\index.php(79): CodeIgniter\CodeIgniter->run()
 5 SYSTEMPATH\Commands\Server\rewrite.php(47): require_once('C:\\xampp\\htdocs\\github\\infovistar.in\\ci4\\public\\index.php')
WARNING - 2024-01-02 12:10:50 --> [DEPRECATED] Creation of dynamic property App\Controllers\signup\Signup::$ip_address is deprecated in APPPATH\Controllers\signup\Signup.php on line 14.
 1 SYSTEMPATH\CodeIgniter.php(913): App\Controllers\signup\Signup->__construct()
 2 SYSTEMPATH\CodeIgniter.php(493): CodeIgniter\CodeIgniter->createController()
 3 SYSTEMPATH\CodeIgniter.php(361): CodeIgniter\CodeIgniter->handleRequest(null, Object(Config\Cache), false)
 4 FCPATH\index.php(79): CodeIgniter\CodeIgniter->run()
 5 SYSTEMPATH\Commands\Server\rewrite.php(47): require_once('C:\\xampp\\htdocs\\github\\infovistar.in\\ci4\\public\\index.php')
WARNING - 2024-01-02 12:10:50 --> [DEPRECATED] Creation of dynamic property App\Controllers\signup\Signup::$datetime is deprecated in APPPATH\Controllers\signup\Signup.php on line 15.
 1 SYSTEMPATH\CodeIgniter.php(913): App\Controllers\signup\Signup->__construct()
 2 SYSTEMPATH\CodeIgniter.php(493): CodeIgniter\CodeIgniter->createController()
 3 SYSTEMPATH\CodeIgniter.php(361): CodeIgniter\CodeIgniter->handleRequest(null, Object(Config\Cache), false)
 4 FCPATH\index.php(79): CodeIgniter\CodeIgniter->run()
 5 SYSTEMPATH\Commands\Server\rewrite.php(47): require_once('C:\\xampp\\htdocs\\github\\infovistar.in\\ci4\\public\\index.php')
WARNING - 2024-01-02 12:11:56 --> [DEPRECATED] Creation of dynamic property App\Controllers\signup\Signup::$login is deprecated in APPPATH\Controllers\signup\Signup.php on line 12.
 1 SYSTEMPATH\CodeIgniter.php(913): App\Controllers\signup\Signup->__construct()
 2 SYSTEMPATH\CodeIgniter.php(493): CodeIgniter\CodeIgniter->createController()
 3 SYSTEMPATH\CodeIgniter.php(361): CodeIgniter\CodeIgniter->handleRequest(null, Object(Config\Cache), false)
 4 FCPATH\index.php(79): CodeIgniter\CodeIgniter->run()
 5 SYSTEMPATH\Commands\Server\rewrite.php(47): require_once('C:\\xampp\\htdocs\\github\\infovistar.in\\ci4\\public\\index.php')
WARNING - 2024-01-02 12:11:56 --> [DEPRECATED] Creation of dynamic property App\Controllers\signup\Signup::$ip_address is deprecated in APPPATH\Controllers\signup\Signup.php on line 14.
 1 SYSTEMPATH\CodeIgniter.php(913): App\Controllers\signup\Signup->__construct()
 2 SYSTEMPATH\CodeIgniter.php(493): CodeIgniter\CodeIgniter->createController()
 3 SYSTEMPATH\CodeIgniter.php(361): CodeIgniter\CodeIgniter->handleRequest(null, Object(Config\Cache), false)
 4 FCPATH\index.php(79): CodeIgniter\CodeIgniter->run()
 5 SYSTEMPATH\Commands\Server\rewrite.php(47): require_once('C:\\xampp\\htdocs\\github\\infovistar.in\\ci4\\public\\index.php')
WARNING - 2024-01-02 12:11:56 --> [DEPRECATED] Creation of dynamic property App\Controllers\signup\Signup::$datetime is deprecated in APPPATH\Controllers\signup\Signup.php on line 15.
 1 SYSTEMPATH\CodeIgniter.php(913): App\Controllers\signup\Signup->__construct()
 2 SYSTEMPATH\CodeIgniter.php(493): CodeIgniter\CodeIgniter->createController()
 3 SYSTEMPATH\CodeIgniter.php(361): CodeIgniter\CodeIgniter->handleRequest(null, Object(Config\Cache), false)
 4 FCPATH\index.php(79): CodeIgniter\CodeIgniter->run()
 5 SYSTEMPATH\Commands\Server\rewrite.php(47): require_once('C:\\xampp\\htdocs\\github\\infovistar.in\\ci4\\public\\index.php')
WARNING - 2024-01-02 12:12:17 --> [DEPRECATED] Creation of dynamic property App\Controllers\signup\Signup::$login is deprecated in APPPATH\Controllers\signup\Signup.php on line 12.
 1 SYSTEMPATH\CodeIgniter.php(913): App\Controllers\signup\Signup->__construct()
 2 SYSTEMPATH\CodeIgniter.php(493): CodeIgniter\CodeIgniter->createController()
 3 SYSTEMPATH\CodeIgniter.php(361): CodeIgniter\CodeIgniter->handleRequest(null, Object(Config\Cache), false)
 4 FCPATH\index.php(79): CodeIgniter\CodeIgniter->run()
 5 SYSTEMPATH\Commands\Server\rewrite.php(47): require_once('C:\\xampp\\htdocs\\github\\infovistar.in\\ci4\\public\\index.php')
WARNING - 2024-01-02 12:12:17 --> [DEPRECATED] Creation of dynamic property App\Controllers\signup\Signup::$ip_address is deprecated in APPPATH\Controllers\signup\Signup.php on line 14.
 1 SYSTEMPATH\CodeIgniter.php(913): App\Controllers\signup\Signup->__construct()
 2 SYSTEMPATH\CodeIgniter.php(493): CodeIgniter\CodeIgniter->createController()
 3 SYSTEMPATH\CodeIgniter.php(361): CodeIgniter\CodeIgniter->handleRequest(null, Object(Config\Cache), false)
 4 FCPATH\index.php(79): CodeIgniter\CodeIgniter->run()
 5 SYSTEMPATH\Commands\Server\rewrite.php(47): require_once('C:\\xampp\\htdocs\\github\\infovistar.in\\ci4\\public\\index.php')
WARNING - 2024-01-02 12:12:17 --> [DEPRECATED] Creation of dynamic property App\Controllers\signup\Signup::$datetime is deprecated in APPPATH\Controllers\signup\Signup.php on line 15.
 1 SYSTEMPATH\CodeIgniter.php(913): App\Controllers\signup\Signup->__construct()
 2 SYSTEMPATH\CodeIgniter.php(493): CodeIgniter\CodeIgniter->createController()
 3 SYSTEMPATH\CodeIgniter.php(361): CodeIgniter\CodeIgniter->handleRequest(null, Object(Config\Cache), false)
 4 FCPATH\index.php(79): CodeIgniter\CodeIgniter->run()
 5 SYSTEMPATH\Commands\Server\rewrite.php(47): require_once('C:\\xampp\\htdocs\\github\\infovistar.in\\ci4\\public\\index.php')
WARNING - 2024-01-02 12:12:23 --> [DEPRECATED] Creation of dynamic property App\Controllers\signup\Signup::$login is deprecated in APPPATH\Controllers\signup\Signup.php on line 12.
 1 SYSTEMPATH\CodeIgniter.php(913): App\Controllers\signup\Signup->__construct()
 2 SYSTEMPATH\CodeIgniter.php(493): CodeIgniter\CodeIgniter->createController()
 3 SYSTEMPATH\CodeIgniter.php(361): CodeIgniter\CodeIgniter->handleRequest(null, Object(Config\Cache), false)
 4 FCPATH\index.php(79): CodeIgniter\CodeIgniter->run()
 5 SYSTEMPATH\Commands\Server\rewrite.php(47): require_once('C:\\xampp\\htdocs\\github\\infovistar.in\\ci4\\public\\index.php')
WARNING - 2024-01-02 12:12:23 --> [DEPRECATED] Creation of dynamic property App\Controllers\signup\Signup::$ip_address is deprecated in APPPATH\Controllers\signup\Signup.php on line 14.
 1 SYSTEMPATH\CodeIgniter.php(913): App\Controllers\signup\Signup->__construct()
 2 SYSTEMPATH\CodeIgniter.php(493): CodeIgniter\CodeIgniter->createController()
 3 SYSTEMPATH\CodeIgniter.php(361): CodeIgniter\CodeIgniter->handleRequest(null, Object(Config\Cache), false)
 4 FCPATH\index.php(79): CodeIgniter\CodeIgniter->run()
 5 SYSTEMPATH\Commands\Server\rewrite.php(47): require_once('C:\\xampp\\htdocs\\github\\infovistar.in\\ci4\\public\\index.php')
WARNING - 2024-01-02 12:12:23 --> [DEPRECATED] Creation of dynamic property App\Controllers\signup\Signup::$datetime is deprecated in APPPATH\Controllers\signup\Signup.php on line 15.
 1 SYSTEMPATH\CodeIgniter.php(913): App\Controllers\signup\Signup->__construct()
 2 SYSTEMPATH\CodeIgniter.php(493): CodeIgniter\CodeIgniter->createController()
 3 SYSTEMPATH\CodeIgniter.php(361): CodeIgniter\CodeIgniter->handleRequest(null, Object(Config\Cache), false)
 4 FCPATH\index.php(79): CodeIgniter\CodeIgniter->run()
 5 SYSTEMPATH\Commands\Server\rewrite.php(47): require_once('C:\\xampp\\htdocs\\github\\infovistar.in\\ci4\\public\\index.php')
WARNING - 2024-01-02 12:13:53 --> [DEPRECATED] Creation of dynamic property App\Controllers\signup\Signup::$login is deprecated in APPPATH\Controllers\signup\Signup.php on line 12.
 1 SYSTEMPATH\CodeIgniter.php(913): App\Controllers\signup\Signup->__construct()
 2 SYSTEMPATH\CodeIgniter.php(493): CodeIgniter\CodeIgniter->createController()
 3 SYSTEMPATH\CodeIgniter.php(361): CodeIgniter\CodeIgniter->handleRequest(null, Object(Config\Cache), false)
 4 FCPATH\index.php(79): CodeIgniter\CodeIgniter->run()
 5 SYSTEMPATH\Commands\Server\rewrite.php(47): require_once('C:\\xampp\\htdocs\\github\\infovistar.in\\ci4\\public\\index.php')
WARNING - 2024-01-02 12:13:53 --> [DEPRECATED] Creation of dynamic property App\Controllers\signup\Signup::$ip_address is deprecated in APPPATH\Controllers\signup\Signup.php on line 14.
 1 SYSTEMPATH\CodeIgniter.php(913): App\Controllers\signup\Signup->__construct()
 2 SYSTEMPATH\CodeIgniter.php(493): CodeIgniter\CodeIgniter->createController()
 3 SYSTEMPATH\CodeIgniter.php(361): CodeIgniter\CodeIgniter->handleRequest(null, Object(Config\Cache), false)
 4 FCPATH\index.php(79): CodeIgniter\CodeIgniter->run()
 5 SYSTEMPATH\Commands\Server\rewrite.php(47): require_once('C:\\xampp\\htdocs\\github\\infovistar.in\\ci4\\public\\index.php')
WARNING - 2024-01-02 12:13:53 --> [DEPRECATED] Creation of dynamic property App\Controllers\signup\Signup::$datetime is deprecated in APPPATH\Controllers\signup\Signup.php on line 15.
 1 SYSTEMPATH\CodeIgniter.php(913): App\Controllers\signup\Signup->__construct()
 2 SYSTEMPATH\CodeIgniter.php(493): CodeIgniter\CodeIgniter->createController()
 3 SYSTEMPATH\CodeIgniter.php(361): CodeIgniter\CodeIgniter->handleRequest(null, Object(Config\Cache), false)
 4 FCPATH\index.php(79): CodeIgniter\CodeIgniter->run()
 5 SYSTEMPATH\Commands\Server\rewrite.php(47): require_once('C:\\xampp\\htdocs\\github\\infovistar.in\\ci4\\public\\index.php')
WARNING - 2024-01-02 12:13:55 --> [DEPRECATED] Creation of dynamic property App\Controllers\signup\Signup::$login is deprecated in APPPATH\Controllers\signup\Signup.php on line 12.
 1 SYSTEMPATH\CodeIgniter.php(913): App\Controllers\signup\Signup->__construct()
 2 SYSTEMPATH\CodeIgniter.php(493): CodeIgniter\CodeIgniter->createController()
 3 SYSTEMPATH\CodeIgniter.php(361): CodeIgniter\CodeIgniter->handleRequest(null, Object(Config\Cache), false)
 4 FCPATH\index.php(79): CodeIgniter\CodeIgniter->run()
 5 SYSTEMPATH\Commands\Server\rewrite.php(47): require_once('C:\\xampp\\htdocs\\github\\infovistar.in\\ci4\\public\\index.php')
WARNING - 2024-01-02 12:13:55 --> [DEPRECATED] Creation of dynamic property App\Controllers\signup\Signup::$ip_address is deprecated in APPPATH\Controllers\signup\Signup.php on line 14.
 1 SYSTEMPATH\CodeIgniter.php(913): App\Controllers\signup\Signup->__construct()
 2 SYSTEMPATH\CodeIgniter.php(493): CodeIgniter\CodeIgniter->createController()
 3 SYSTEMPATH\CodeIgniter.php(361): CodeIgniter\CodeIgniter->handleRequest(null, Object(Config\Cache), false)
 4 FCPATH\index.php(79): CodeIgniter\CodeIgniter->run()
 5 SYSTEMPATH\Commands\Server\rewrite.php(47): require_once('C:\\xampp\\htdocs\\github\\infovistar.in\\ci4\\public\\index.php')
WARNING - 2024-01-02 12:13:55 --> [DEPRECATED] Creation of dynamic property App\Controllers\signup\Signup::$datetime is deprecated in APPPATH\Controllers\signup\Signup.php on line 15.
 1 SYSTEMPATH\CodeIgniter.php(913): App\Controllers\signup\Signup->__construct()
 2 SYSTEMPATH\CodeIgniter.php(493): CodeIgniter\CodeIgniter->createController()
 3 SYSTEMPATH\CodeIgniter.php(361): CodeIgniter\CodeIgniter->handleRequest(null, Object(Config\Cache), false)
 4 FCPATH\index.php(79): CodeIgniter\CodeIgniter->run()
 5 SYSTEMPATH\Commands\Server\rewrite.php(47): require_once('C:\\xampp\\htdocs\\github\\infovistar.in\\ci4\\public\\index.php')
WARNING - 2024-01-02 12:19:53 --> [DEPRECATED] Creation of dynamic property App\Controllers\signup\Signup::$login is deprecated in APPPATH\Controllers\signup\Signup.php on line 12.
 1 SYSTEMPATH\CodeIgniter.php(913): App\Controllers\signup\Signup->__construct()
 2 SYSTEMPATH\CodeIgniter.php(493): CodeIgniter\CodeIgniter->createController()
 3 SYSTEMPATH\CodeIgniter.php(361): CodeIgniter\CodeIgniter->handleRequest(null, Object(Config\Cache), false)
 4 FCPATH\index.php(79): CodeIgniter\CodeIgniter->run()
 5 SYSTEMPATH\Commands\Server\rewrite.php(47): require_once('C:\\xampp\\htdocs\\github\\infovistar.in\\ci4\\public\\index.php')
WARNING - 2024-01-02 12:19:53 --> [DEPRECATED] Creation of dynamic property App\Controllers\signup\Signup::$ip_address is deprecated in APPPATH\Controllers\signup\Signup.php on line 14.
 1 SYSTEMPATH\CodeIgniter.php(913): App\Controllers\signup\Signup->__construct()
 2 SYSTEMPATH\CodeIgniter.php(493): CodeIgniter\CodeIgniter->createController()
 3 SYSTEMPATH\CodeIgniter.php(361): CodeIgniter\CodeIgniter->handleRequest(null, Object(Config\Cache), false)
 4 FCPATH\index.php(79): CodeIgniter\CodeIgniter->run()
 5 SYSTEMPATH\Commands\Server\rewrite.php(47): require_once('C:\\xampp\\htdocs\\github\\infovistar.in\\ci4\\public\\index.php')
WARNING - 2024-01-02 12:19:53 --> [DEPRECATED] Creation of dynamic property App\Controllers\signup\Signup::$datetime is deprecated in APPPATH\Controllers\signup\Signup.php on line 15.
 1 SYSTEMPATH\CodeIgniter.php(913): App\Controllers\signup\Signup->__construct()
 2 SYSTEMPATH\CodeIgniter.php(493): CodeIgniter\CodeIgniter->createController()
 3 SYSTEMPATH\CodeIgniter.php(361): CodeIgniter\CodeIgniter->handleRequest(null, Object(Config\Cache), false)
 4 FCPATH\index.php(79): CodeIgniter\CodeIgniter->run()
 5 SYSTEMPATH\Commands\Server\rewrite.php(47): require_once('C:\\xampp\\htdocs\\github\\infovistar.in\\ci4\\public\\index.php')
WARNING - 2024-01-02 12:20:04 --> [DEPRECATED] Creation of dynamic property App\Controllers\signup\Signup::$login is deprecated in APPPATH\Controllers\signup\Signup.php on line 12.
 1 SYSTEMPATH\CodeIgniter.php(913): App\Controllers\signup\Signup->__construct()
 2 SYSTEMPATH\CodeIgniter.php(493): CodeIgniter\CodeIgniter->createController()
 3 SYSTEMPATH\CodeIgniter.php(361): CodeIgniter\CodeIgniter->handleRequest(null, Object(Config\Cache), false)
 4 FCPATH\index.php(79): CodeIgniter\CodeIgniter->run()
 5 SYSTEMPATH\Commands\Server\rewrite.php(47): require_once('C:\\xampp\\htdocs\\github\\infovistar.in\\ci4\\public\\index.php')
WARNING - 2024-01-02 12:20:04 --> [DEPRECATED] Creation of dynamic property App\Controllers\signup\Signup::$ip_address is deprecated in APPPATH\Controllers\signup\Signup.php on line 14.
 1 SYSTEMPATH\CodeIgniter.php(913): App\Controllers\signup\Signup->__construct()
 2 SYSTEMPATH\CodeIgniter.php(493): CodeIgniter\CodeIgniter->createController()
 3 SYSTEMPATH\CodeIgniter.php(361): CodeIgniter\CodeIgniter->handleRequest(null, Object(Config\Cache), false)
 4 FCPATH\index.php(79): CodeIgniter\CodeIgniter->run()
 5 SYSTEMPATH\Commands\Server\rewrite.php(47): require_once('C:\\xampp\\htdocs\\github\\infovistar.in\\ci4\\public\\index.php')
WARNING - 2024-01-02 12:20:04 --> [DEPRECATED] Creation of dynamic property App\Controllers\signup\Signup::$datetime is deprecated in APPPATH\Controllers\signup\Signup.php on line 15.
 1 SYSTEMPATH\CodeIgniter.php(913): App\Controllers\signup\Signup->__construct()
 2 SYSTEMPATH\CodeIgniter.php(493): CodeIgniter\CodeIgniter->createController()
 3 SYSTEMPATH\CodeIgniter.php(361): CodeIgniter\CodeIgniter->handleRequest(null, Object(Config\Cache), false)
 4 FCPATH\index.php(79): CodeIgniter\CodeIgniter->run()
 5 SYSTEMPATH\Commands\Server\rewrite.php(47): require_once('C:\\xampp\\htdocs\\github\\infovistar.in\\ci4\\public\\index.php')
WARNING - 2024-01-02 12:20:06 --> [DEPRECATED] Creation of dynamic property App\Controllers\signup\Signup::$login is deprecated in APPPATH\Controllers\signup\Signup.php on line 12.
 1 SYSTEMPATH\CodeIgniter.php(913): App\Controllers\signup\Signup->__construct()
 2 SYSTEMPATH\CodeIgniter.php(493): CodeIgniter\CodeIgniter->createController()
 3 SYSTEMPATH\CodeIgniter.php(361): CodeIgniter\CodeIgniter->handleRequest(null, Object(Config\Cache), false)
 4 FCPATH\index.php(79): CodeIgniter\CodeIgniter->run()
 5 SYSTEMPATH\Commands\Server\rewrite.php(47): require_once('C:\\xampp\\htdocs\\github\\infovistar.in\\ci4\\public\\index.php')
WARNING - 2024-01-02 12:20:06 --> [DEPRECATED] Creation of dynamic property App\Controllers\signup\Signup::$ip_address is deprecated in APPPATH\Controllers\signup\Signup.php on line 14.
 1 SYSTEMPATH\CodeIgniter.php(913): App\Controllers\signup\Signup->__construct()
 2 SYSTEMPATH\CodeIgniter.php(493): CodeIgniter\CodeIgniter->createController()
 3 SYSTEMPATH\CodeIgniter.php(361): CodeIgniter\CodeIgniter->handleRequest(null, Object(Config\Cache), false)
 4 FCPATH\index.php(79): CodeIgniter\CodeIgniter->run()
 5 SYSTEMPATH\Commands\Server\rewrite.php(47): require_once('C:\\xampp\\htdocs\\github\\infovistar.in\\ci4\\public\\index.php')
WARNING - 2024-01-02 12:20:06 --> [DEPRECATED] Creation of dynamic property App\Controllers\signup\Signup::$datetime is deprecated in APPPATH\Controllers\signup\Signup.php on line 15.
 1 SYSTEMPATH\CodeIgniter.php(913): App\Controllers\signup\Signup->__construct()
 2 SYSTEMPATH\CodeIgniter.php(493): CodeIgniter\CodeIgniter->createController()
 3 SYSTEMPATH\CodeIgniter.php(361): CodeIgniter\CodeIgniter->handleRequest(null, Object(Config\Cache), false)
 4 FCPATH\index.php(79): CodeIgniter\CodeIgniter->run()
 5 SYSTEMPATH\Commands\Server\rewrite.php(47): require_once('C:\\xampp\\htdocs\\github\\infovistar.in\\ci4\\public\\index.php')
WARNING - 2024-01-02 12:20:09 --> [DEPRECATED] Creation of dynamic property App\Controllers\signup\Signup::$login is deprecated in APPPATH\Controllers\signup\Signup.php on line 12.
 1 SYSTEMPATH\CodeIgniter.php(913): App\Controllers\signup\Signup->__construct()
 2 SYSTEMPATH\CodeIgniter.php(493): CodeIgniter\CodeIgniter->createController()
 3 SYSTEMPATH\CodeIgniter.php(361): CodeIgniter\CodeIgniter->handleRequest(null, Object(Config\Cache), false)
 4 FCPATH\index.php(79): CodeIgniter\CodeIgniter->run()
 5 SYSTEMPATH\Commands\Server\rewrite.php(47): require_once('C:\\xampp\\htdocs\\github\\infovistar.in\\ci4\\public\\index.php')
WARNING - 2024-01-02 12:20:09 --> [DEPRECATED] Creation of dynamic property App\Controllers\signup\Signup::$ip_address is deprecated in APPPATH\Controllers\signup\Signup.php on line 14.
 1 SYSTEMPATH\CodeIgniter.php(913): App\Controllers\signup\Signup->__construct()
 2 SYSTEMPATH\CodeIgniter.php(493): CodeIgniter\CodeIgniter->createController()
 3 SYSTEMPATH\CodeIgniter.php(361): CodeIgniter\CodeIgniter->handleRequest(null, Object(Config\Cache), false)
 4 FCPATH\index.php(79): CodeIgniter\CodeIgniter->run()
 5 SYSTEMPATH\Commands\Server\rewrite.php(47): require_once('C:\\xampp\\htdocs\\github\\infovistar.in\\ci4\\public\\index.php')
WARNING - 2024-01-02 12:20:09 --> [DEPRECATED] Creation of dynamic property App\Controllers\signup\Signup::$datetime is deprecated in APPPATH\Controllers\signup\Signup.php on line 15.
 1 SYSTEMPATH\CodeIgniter.php(913): App\Controllers\signup\Signup->__construct()
 2 SYSTEMPATH\CodeIgniter.php(493): CodeIgniter\CodeIgniter->createController()
 3 SYSTEMPATH\CodeIgniter.php(361): CodeIgniter\CodeIgniter->handleRequest(null, Object(Config\Cache), false)
 4 FCPATH\index.php(79): CodeIgniter\CodeIgniter->run()
 5 SYSTEMPATH\Commands\Server\rewrite.php(47): require_once('C:\\xampp\\htdocs\\github\\infovistar.in\\ci4\\public\\index.php')
WARNING - 2024-01-02 12:20:31 --> [DEPRECATED] Creation of dynamic property App\Controllers\signup\Signup::$login is deprecated in APPPATH\Controllers\signup\Signup.php on line 12.
 1 SYSTEMPATH\CodeIgniter.php(913): App\Controllers\signup\Signup->__construct()
 2 SYSTEMPATH\CodeIgniter.php(493): CodeIgniter\CodeIgniter->createController()
 3 SYSTEMPATH\CodeIgniter.php(361): CodeIgniter\CodeIgniter->handleRequest(null, Object(Config\Cache), false)
 4 FCPATH\index.php(79): CodeIgniter\CodeIgniter->run()
 5 SYSTEMPATH\Commands\Server\rewrite.php(47): require_once('C:\\xampp\\htdocs\\github\\infovistar.in\\ci4\\public\\index.php')
WARNING - 2024-01-02 12:20:31 --> [DEPRECATED] Creation of dynamic property App\Controllers\signup\Signup::$ip_address is deprecated in APPPATH\Controllers\signup\Signup.php on line 14.
 1 SYSTEMPATH\CodeIgniter.php(913): App\Controllers\signup\Signup->__construct()
 2 SYSTEMPATH\CodeIgniter.php(493): CodeIgniter\CodeIgniter->createController()
 3 SYSTEMPATH\CodeIgniter.php(361): CodeIgniter\CodeIgniter->handleRequest(null, Object(Config\Cache), false)
 4 FCPATH\index.php(79): CodeIgniter\CodeIgniter->run()
 5 SYSTEMPATH\Commands\Server\rewrite.php(47): require_once('C:\\xampp\\htdocs\\github\\infovistar.in\\ci4\\public\\index.php')
WARNING - 2024-01-02 12:20:31 --> [DEPRECATED] Creation of dynamic property App\Controllers\signup\Signup::$datetime is deprecated in APPPATH\Controllers\signup\Signup.php on line 15.
 1 SYSTEMPATH\CodeIgniter.php(913): App\Controllers\signup\Signup->__construct()
 2 SYSTEMPATH\CodeIgniter.php(493): CodeIgniter\CodeIgniter->createController()
 3 SYSTEMPATH\CodeIgniter.php(361): CodeIgniter\CodeIgniter->handleRequest(null, Object(Config\Cache), false)
 4 FCPATH\index.php(79): CodeIgniter\CodeIgniter->run()
 5 SYSTEMPATH\Commands\Server\rewrite.php(47): require_once('C:\\xampp\\htdocs\\github\\infovistar.in\\ci4\\public\\index.php')
WARNING - 2024-01-02 12:20:33 --> [DEPRECATED] Creation of dynamic property App\Controllers\signup\Signup::$login is deprecated in APPPATH\Controllers\signup\Signup.php on line 12.
 1 SYSTEMPATH\CodeIgniter.php(913): App\Controllers\signup\Signup->__construct()
 2 SYSTEMPATH\CodeIgniter.php(493): CodeIgniter\CodeIgniter->createController()
 3 SYSTEMPATH\CodeIgniter.php(361): CodeIgniter\CodeIgniter->handleRequest(null, Object(Config\Cache), false)
 4 FCPATH\index.php(79): CodeIgniter\CodeIgniter->run()
 5 SYSTEMPATH\Commands\Server\rewrite.php(47): require_once('C:\\xampp\\htdocs\\github\\infovistar.in\\ci4\\public\\index.php')
WARNING - 2024-01-02 12:20:33 --> [DEPRECATED] Creation of dynamic property App\Controllers\signup\Signup::$ip_address is deprecated in APPPATH\Controllers\signup\Signup.php on line 14.
 1 SYSTEMPATH\CodeIgniter.php(913): App\Controllers\signup\Signup->__construct()
 2 SYSTEMPATH\CodeIgniter.php(493): CodeIgniter\CodeIgniter->createController()
 3 SYSTEMPATH\CodeIgniter.php(361): CodeIgniter\CodeIgniter->handleRequest(null, Object(Config\Cache), false)
 4 FCPATH\index.php(79): CodeIgniter\CodeIgniter->run()
 5 SYSTEMPATH\Commands\Server\rewrite.php(47): require_once('C:\\xampp\\htdocs\\github\\infovistar.in\\ci4\\public\\index.php')
WARNING - 2024-01-02 12:20:33 --> [DEPRECATED] Creation of dynamic property App\Controllers\signup\Signup::$datetime is deprecated in APPPATH\Controllers\signup\Signup.php on line 15.
 1 SYSTEMPATH\CodeIgniter.php(913): App\Controllers\signup\Signup->__construct()
 2 SYSTEMPATH\CodeIgniter.php(493): CodeIgniter\CodeIgniter->createController()
 3 SYSTEMPATH\CodeIgniter.php(361): CodeIgniter\CodeIgniter->handleRequest(null, Object(Config\Cache), false)
 4 FCPATH\index.php(79): CodeIgniter\CodeIgniter->run()
 5 SYSTEMPATH\Commands\Server\rewrite.php(47): require_once('C:\\xampp\\htdocs\\github\\infovistar.in\\ci4\\public\\index.php')
WARNING - 2024-01-02 12:20:44 --> [DEPRECATED] Creation of dynamic property App\Controllers\signup\Signup::$login is deprecated in APPPATH\Controllers\signup\Signup.php on line 12.
 1 SYSTEMPATH\CodeIgniter.php(913): App\Controllers\signup\Signup->__construct()
 2 SYSTEMPATH\CodeIgniter.php(493): CodeIgniter\CodeIgniter->createController()
 3 SYSTEMPATH\CodeIgniter.php(361): CodeIgniter\CodeIgniter->handleRequest(null, Object(Config\Cache), false)
 4 FCPATH\index.php(79): CodeIgniter\CodeIgniter->run()
 5 SYSTEMPATH\Commands\Server\rewrite.php(47): require_once('C:\\xampp\\htdocs\\github\\infovistar.in\\ci4\\public\\index.php')
WARNING - 2024-01-02 12:20:44 --> [DEPRECATED] Creation of dynamic property App\Controllers\signup\Signup::$ip_address is deprecated in APPPATH\Controllers\signup\Signup.php on line 14.
 1 SYSTEMPATH\CodeIgniter.php(913): App\Controllers\signup\Signup->__construct()
 2 SYSTEMPATH\CodeIgniter.php(493): CodeIgniter\CodeIgniter->createController()
 3 SYSTEMPATH\CodeIgniter.php(361): CodeIgniter\CodeIgniter->handleRequest(null, Object(Config\Cache), false)
 4 FCPATH\index.php(79): CodeIgniter\CodeIgniter->run()
 5 SYSTEMPATH\Commands\Server\rewrite.php(47): require_once('C:\\xampp\\htdocs\\github\\infovistar.in\\ci4\\public\\index.php')
WARNING - 2024-01-02 12:20:44 --> [DEPRECATED] Creation of dynamic property App\Controllers\signup\Signup::$datetime is deprecated in APPPATH\Controllers\signup\Signup.php on line 15.
 1 SYSTEMPATH\CodeIgniter.php(913): App\Controllers\signup\Signup->__construct()
 2 SYSTEMPATH\CodeIgniter.php(493): CodeIgniter\CodeIgniter->createController()
 3 SYSTEMPATH\CodeIgniter.php(361): CodeIgniter\CodeIgniter->handleRequest(null, Object(Config\Cache), false)
 4 FCPATH\index.php(79): CodeIgniter\CodeIgniter->run()
 5 SYSTEMPATH\Commands\Server\rewrite.php(47): require_once('C:\\xampp\\htdocs\\github\\infovistar.in\\ci4\\public\\index.php')
WARNING - 2024-01-02 13:10:45 --> [DEPRECATED] Creation of dynamic property App\Controllers\signup\Signup::$login is deprecated in APPPATH\Controllers\signup\Signup.php on line 12.
 1 SYSTEMPATH\CodeIgniter.php(913): App\Controllers\signup\Signup->__construct()
 2 SYSTEMPATH\CodeIgniter.php(493): CodeIgniter\CodeIgniter->createController()
 3 SYSTEMPATH\CodeIgniter.php(361): CodeIgniter\CodeIgniter->handleRequest(null, Object(Config\Cache), false)
 4 FCPATH\index.php(79): CodeIgniter\CodeIgniter->run()
 5 SYSTEMPATH\Commands\Server\rewrite.php(47): require_once('C:\\xampp\\htdocs\\github\\infovistar.in\\ci4\\public\\index.php')
WARNING - 2024-01-02 13:10:45 --> [DEPRECATED] Creation of dynamic property App\Controllers\signup\Signup::$ip_address is deprecated in APPPATH\Controllers\signup\Signup.php on line 14.
 1 SYSTEMPATH\CodeIgniter.php(913): App\Controllers\signup\Signup->__construct()
 2 SYSTEMPATH\CodeIgniter.php(493): CodeIgniter\CodeIgniter->createController()
 3 SYSTEMPATH\CodeIgniter.php(361): CodeIgniter\CodeIgniter->handleRequest(null, Object(Config\Cache), false)
 4 FCPATH\index.php(79): CodeIgniter\CodeIgniter->run()
 5 SYSTEMPATH\Commands\Server\rewrite.php(47): require_once('C:\\xampp\\htdocs\\github\\infovistar.in\\ci4\\public\\index.php')
WARNING - 2024-01-02 13:10:45 --> [DEPRECATED] Creation of dynamic property App\Controllers\signup\Signup::$datetime is deprecated in APPPATH\Controllers\signup\Signup.php on line 15.
 1 SYSTEMPATH\CodeIgniter.php(913): App\Controllers\signup\Signup->__construct()
 2 SYSTEMPATH\CodeIgniter.php(493): CodeIgniter\CodeIgniter->createController()
 3 SYSTEMPATH\CodeIgniter.php(361): CodeIgniter\CodeIgniter->handleRequest(null, Object(Config\Cache), false)
 4 FCPATH\index.php(79): CodeIgniter\CodeIgniter->run()
 5 SYSTEMPATH\Commands\Server\rewrite.php(47): require_once('C:\\xampp\\htdocs\\github\\infovistar.in\\ci4\\public\\index.php')
WARNING - 2024-01-02 13:11:00 --> [DEPRECATED] Creation of dynamic property App\Controllers\signup\Signup::$login is deprecated in APPPATH\Controllers\signup\Signup.php on line 12.
 1 SYSTEMPATH\CodeIgniter.php(913): App\Controllers\signup\Signup->__construct()
 2 SYSTEMPATH\CodeIgniter.php(493): CodeIgniter\CodeIgniter->createController()
 3 SYSTEMPATH\CodeIgniter.php(361): CodeIgniter\CodeIgniter->handleRequest(null, Object(Config\Cache), false)
 4 FCPATH\index.php(79): CodeIgniter\CodeIgniter->run()
 5 SYSTEMPATH\Commands\Server\rewrite.php(47): require_once('C:\\xampp\\htdocs\\github\\infovistar.in\\ci4\\public\\index.php')
WARNING - 2024-01-02 13:11:00 --> [DEPRECATED] Creation of dynamic property App\Controllers\signup\Signup::$ip_address is deprecated in APPPATH\Controllers\signup\Signup.php on line 14.
 1 SYSTEMPATH\CodeIgniter.php(913): App\Controllers\signup\Signup->__construct()
 2 SYSTEMPATH\CodeIgniter.php(493): CodeIgniter\CodeIgniter->createController()
 3 SYSTEMPATH\CodeIgniter.php(361): CodeIgniter\CodeIgniter->handleRequest(null, Object(Config\Cache), false)
 4 FCPATH\index.php(79): CodeIgniter\CodeIgniter->run()
 5 SYSTEMPATH\Commands\Server\rewrite.php(47): require_once('C:\\xampp\\htdocs\\github\\infovistar.in\\ci4\\public\\index.php')
WARNING - 2024-01-02 13:11:00 --> [DEPRECATED] Creation of dynamic property App\Controllers\signup\Signup::$datetime is deprecated in APPPATH\Controllers\signup\Signup.php on line 15.
 1 SYSTEMPATH\CodeIgniter.php(913): App\Controllers\signup\Signup->__construct()
 2 SYSTEMPATH\CodeIgniter.php(493): CodeIgniter\CodeIgniter->createController()
 3 SYSTEMPATH\CodeIgniter.php(361): CodeIgniter\CodeIgniter->handleRequest(null, Object(Config\Cache), false)
 4 FCPATH\index.php(79): CodeIgniter\CodeIgniter->run()
 5 SYSTEMPATH\Commands\Server\rewrite.php(47): require_once('C:\\xampp\\htdocs\\github\\infovistar.in\\ci4\\public\\index.php')
WARNING - 2024-01-02 13:11:55 --> [DEPRECATED] Creation of dynamic property App\Controllers\signup\Signup::$login is deprecated in APPPATH\Controllers\signup\Signup.php on line 12.
 1 SYSTEMPATH\CodeIgniter.php(913): App\Controllers\signup\Signup->__construct()
 2 SYSTEMPATH\CodeIgniter.php(493): CodeIgniter\CodeIgniter->createController()
 3 SYSTEMPATH\CodeIgniter.php(361): CodeIgniter\CodeIgniter->handleRequest(null, Object(Config\Cache), false)
 4 FCPATH\index.php(79): CodeIgniter\CodeIgniter->run()
 5 SYSTEMPATH\Commands\Server\rewrite.php(47): require_once('C:\\xampp\\htdocs\\github\\infovistar.in\\ci4\\public\\index.php')
WARNING - 2024-01-02 13:11:55 --> [DEPRECATED] Creation of dynamic property App\Controllers\signup\Signup::$ip_address is deprecated in APPPATH\Controllers\signup\Signup.php on line 14.
 1 SYSTEMPATH\CodeIgniter.php(913): App\Controllers\signup\Signup->__construct()
 2 SYSTEMPATH\CodeIgniter.php(493): CodeIgniter\CodeIgniter->createController()
 3 SYSTEMPATH\CodeIgniter.php(361): CodeIgniter\CodeIgniter->handleRequest(null, Object(Config\Cache), false)
 4 FCPATH\index.php(79): CodeIgniter\CodeIgniter->run()
 5 SYSTEMPATH\Commands\Server\rewrite.php(47): require_once('C:\\xampp\\htdocs\\github\\infovistar.in\\ci4\\public\\index.php')
WARNING - 2024-01-02 13:11:55 --> [DEPRECATED] Creation of dynamic property App\Controllers\signup\Signup::$datetime is deprecated in APPPATH\Controllers\signup\Signup.php on line 15.
 1 SYSTEMPATH\CodeIgniter.php(913): App\Controllers\signup\Signup->__construct()
 2 SYSTEMPATH\CodeIgniter.php(493): CodeIgniter\CodeIgniter->createController()
 3 SYSTEMPATH\CodeIgniter.php(361): CodeIgniter\CodeIgniter->handleRequest(null, Object(Config\Cache), false)
 4 FCPATH\index.php(79): CodeIgniter\CodeIgniter->run()
 5 SYSTEMPATH\Commands\Server\rewrite.php(47): require_once('C:\\xampp\\htdocs\\github\\infovistar.in\\ci4\\public\\index.php')
CRITICAL - 2024-01-02 13:11:55 --> Error: Call to undefined function base()
in APPPATH\Views\signup\signup.php on line 46.
 1 SYSTEMPATH\View\View.php(228): include()
 2 SYSTEMPATH\View\View.php(231): CodeIgniter\View\View->CodeIgniter\View\{closure}()
 3 SYSTEMPATH\Common.php(1178): CodeIgniter\View\View->render('signup/signup', [], true)
 4 APPPATH\Controllers\signup\Signup.php(26): view('signup/signup', [...])
 5 APPPATH\Controllers\signup\Signup.php(20): App\Controllers\signup\Signup->signup()
 6 SYSTEMPATH\CodeIgniter.php(941): App\Controllers\signup\Signup->index()
 7 SYSTEMPATH\CodeIgniter.php(502): CodeIgniter\CodeIgniter->runController(Object(App\Controllers\signup\Signup))
 8 SYSTEMPATH\CodeIgniter.php(361): CodeIgniter\CodeIgniter->handleRequest(null, Object(Config\Cache), false)
 9 FCPATH\index.php(79): CodeIgniter\CodeIgniter->run()
10 SYSTEMPATH\Commands\Server\rewrite.php(47): require_once('C:\\xampp\\htdocs\\github\\infovistar.in\\ci4\\public\\index.php')
WARNING - 2024-01-02 13:12:01 --> [DEPRECATED] Creation of dynamic property App\Controllers\signup\Signup::$login is deprecated in APPPATH\Controllers\signup\Signup.php on line 12.
 1 SYSTEMPATH\CodeIgniter.php(913): App\Controllers\signup\Signup->__construct()
 2 SYSTEMPATH\CodeIgniter.php(493): CodeIgniter\CodeIgniter->createController()
 3 SYSTEMPATH\CodeIgniter.php(361): CodeIgniter\CodeIgniter->handleRequest(null, Object(Config\Cache), false)
 4 FCPATH\index.php(79): CodeIgniter\CodeIgniter->run()
 5 SYSTEMPATH\Commands\Server\rewrite.php(47): require_once('C:\\xampp\\htdocs\\github\\infovistar.in\\ci4\\public\\index.php')
WARNING - 2024-01-02 13:12:01 --> [DEPRECATED] Creation of dynamic property App\Controllers\signup\Signup::$ip_address is deprecated in APPPATH\Controllers\signup\Signup.php on line 14.
 1 SYSTEMPATH\CodeIgniter.php(913): App\Controllers\signup\Signup->__construct()
 2 SYSTEMPATH\CodeIgniter.php(493): CodeIgniter\CodeIgniter->createController()
 3 SYSTEMPATH\CodeIgniter.php(361): CodeIgniter\CodeIgniter->handleRequest(null, Object(Config\Cache), false)
 4 FCPATH\index.php(79): CodeIgniter\CodeIgniter->run()
 5 SYSTEMPATH\Commands\Server\rewrite.php(47): require_once('C:\\xampp\\htdocs\\github\\infovistar.in\\ci4\\public\\index.php')
WARNING - 2024-01-02 13:12:01 --> [DEPRECATED] Creation of dynamic property App\Controllers\signup\Signup::$datetime is deprecated in APPPATH\Controllers\signup\Signup.php on line 15.
 1 SYSTEMPATH\CodeIgniter.php(913): App\Controllers\signup\Signup->__construct()
 2 SYSTEMPATH\CodeIgniter.php(493): CodeIgniter\CodeIgniter->createController()
 3 SYSTEMPATH\CodeIgniter.php(361): CodeIgniter\CodeIgniter->handleRequest(null, Object(Config\Cache), false)
 4 FCPATH\index.php(79): CodeIgniter\CodeIgniter->run()
 5 SYSTEMPATH\Commands\Server\rewrite.php(47): require_once('C:\\xampp\\htdocs\\github\\infovistar.in\\ci4\\public\\index.php')
WARNING - 2024-01-02 13:12:07 --> [DEPRECATED] Creation of dynamic property App\Controllers\signup\Signup::$login is deprecated in APPPATH\Controllers\signup\Signup.php on line 12.
 1 SYSTEMPATH\CodeIgniter.php(913): App\Controllers\signup\Signup->__construct()
 2 SYSTEMPATH\CodeIgniter.php(493): CodeIgniter\CodeIgniter->createController()
 3 SYSTEMPATH\CodeIgniter.php(361): CodeIgniter\CodeIgniter->handleRequest(null, Object(Config\Cache), false)
 4 FCPATH\index.php(79): CodeIgniter\CodeIgniter->run()
 5 SYSTEMPATH\Commands\Server\rewrite.php(47): require_once('C:\\xampp\\htdocs\\github\\infovistar.in\\ci4\\public\\index.php')
WARNING - 2024-01-02 13:12:07 --> [DEPRECATED] Creation of dynamic property App\Controllers\signup\Signup::$ip_address is deprecated in APPPATH\Controllers\signup\Signup.php on line 14.
 1 SYSTEMPATH\CodeIgniter.php(913): App\Controllers\signup\Signup->__construct()
 2 SYSTEMPATH\CodeIgniter.php(493): CodeIgniter\CodeIgniter->createController()
 3 SYSTEMPATH\CodeIgniter.php(361): CodeIgniter\CodeIgniter->handleRequest(null, Object(Config\Cache), false)
 4 FCPATH\index.php(79): CodeIgniter\CodeIgniter->run()
 5 SYSTEMPATH\Commands\Server\rewrite.php(47): require_once('C:\\xampp\\htdocs\\github\\infovistar.in\\ci4\\public\\index.php')
WARNING - 2024-01-02 13:12:07 --> [DEPRECATED] Creation of dynamic property App\Controllers\signup\Signup::$datetime is deprecated in APPPATH\Controllers\signup\Signup.php on line 15.
 1 SYSTEMPATH\CodeIgniter.php(913): App\Controllers\signup\Signup->__construct()
 2 SYSTEMPATH\CodeIgniter.php(493): CodeIgniter\CodeIgniter->createController()
 3 SYSTEMPATH\CodeIgniter.php(361): CodeIgniter\CodeIgniter->handleRequest(null, Object(Config\Cache), false)
 4 FCPATH\index.php(79): CodeIgniter\CodeIgniter->run()
 5 SYSTEMPATH\Commands\Server\rewrite.php(47): require_once('C:\\xampp\\htdocs\\github\\infovistar.in\\ci4\\public\\index.php')
CRITICAL - 2024-01-02 13:12:21 --> Error: Class "App\Controllers\login\BaseController" not found
in APPPATH\Controllers\login\Login.php on line 5.
 1 SYSTEMPATH\Autoloader\Autoloader.php(309): include_once()
 2 SYSTEMPATH\Autoloader\Autoloader.php(288): CodeIgniter\Autoloader\Autoloader->includeFile('C:\\xampp\\htdocs\\github\\infovistar.in\\ci4\\app\\Controllers\\login\\Login.php')
 3 SYSTEMPATH\Autoloader\Autoloader.php(266): CodeIgniter\Autoloader\Autoloader->loadInNamespace('App\\Controllers\\login\\Login')
 4 [internal function]: CodeIgniter\Autoloader\Autoloader->loadClass('App\\Controllers\\login\\Login')
 5 SYSTEMPATH\CodeIgniter.php(899): class_exists('\\App\\Controllers\\login\\Login', true)
 6 SYSTEMPATH\CodeIgniter.php(489): CodeIgniter\CodeIgniter->startController()
 7 SYSTEMPATH\CodeIgniter.php(361): CodeIgniter\CodeIgniter->handleRequest(null, Object(Config\Cache), false)
 8 FCPATH\index.php(79): CodeIgniter\CodeIgniter->run()
 9 SYSTEMPATH\Commands\Server\rewrite.php(47): require_once('C:\\xampp\\htdocs\\github\\infovistar.in\\ci4\\public\\index.php')
WARNING - 2024-01-02 13:13:21 --> [DEPRECATED] Creation of dynamic property App\Controllers\login\Login::$login is deprecated in APPPATH\Controllers\login\Login.php on line 12.
 1 SYSTEMPATH\CodeIgniter.php(913): App\Controllers\login\Login->__construct()
 2 SYSTEMPATH\CodeIgniter.php(493): CodeIgniter\CodeIgniter->createController()
 3 SYSTEMPATH\CodeIgniter.php(361): CodeIgniter\CodeIgniter->handleRequest(null, Object(Config\Cache), false)
 4 FCPATH\index.php(79): CodeIgniter\CodeIgniter->run()
 5 SYSTEMPATH\Commands\Server\rewrite.php(47): require_once('C:\\xampp\\htdocs\\github\\infovistar.in\\ci4\\public\\index.php')
WARNING - 2024-01-02 13:13:21 --> [DEPRECATED] Creation of dynamic property App\Controllers\login\Login::$ip_address is deprecated in APPPATH\Controllers\login\Login.php on line 14.
 1 SYSTEMPATH\CodeIgniter.php(913): App\Controllers\login\Login->__construct()
 2 SYSTEMPATH\CodeIgniter.php(493): CodeIgniter\CodeIgniter->createController()
 3 SYSTEMPATH\CodeIgniter.php(361): CodeIgniter\CodeIgniter->handleRequest(null, Object(Config\Cache), false)
 4 FCPATH\index.php(79): CodeIgniter\CodeIgniter->run()
 5 SYSTEMPATH\Commands\Server\rewrite.php(47): require_once('C:\\xampp\\htdocs\\github\\infovistar.in\\ci4\\public\\index.php')
WARNING - 2024-01-02 13:13:21 --> [DEPRECATED] Creation of dynamic property App\Controllers\login\Login::$datetime is deprecated in APPPATH\Controllers\login\Login.php on line 15.
 1 SYSTEMPATH\CodeIgniter.php(913): App\Controllers\login\Login->__construct()
 2 SYSTEMPATH\CodeIgniter.php(493): CodeIgniter\CodeIgniter->createController()
 3 SYSTEMPATH\CodeIgniter.php(361): CodeIgniter\CodeIgniter->handleRequest(null, Object(Config\Cache), false)
 4 FCPATH\index.php(79): CodeIgniter\CodeIgniter->run()
 5 SYSTEMPATH\Commands\Server\rewrite.php(47): require_once('C:\\xampp\\htdocs\\github\\infovistar.in\\ci4\\public\\index.php')
WARNING - 2024-01-02 13:14:06 --> [DEPRECATED] Creation of dynamic property App\Controllers\login\Login::$login is deprecated in APPPATH\Controllers\login\Login.php on line 12.
 1 SYSTEMPATH\CodeIgniter.php(913): App\Controllers\login\Login->__construct()
 2 SYSTEMPATH\CodeIgniter.php(493): CodeIgniter\CodeIgniter->createController()
 3 SYSTEMPATH\CodeIgniter.php(361): CodeIgniter\CodeIgniter->handleRequest(null, Object(Config\Cache), false)
 4 FCPATH\index.php(79): CodeIgniter\CodeIgniter->run()
 5 SYSTEMPATH\Commands\Server\rewrite.php(47): require_once('C:\\xampp\\htdocs\\github\\infovistar.in\\ci4\\public\\index.php')
WARNING - 2024-01-02 13:14:06 --> [DEPRECATED] Creation of dynamic property App\Controllers\login\Login::$ip_address is deprecated in APPPATH\Controllers\login\Login.php on line 14.
 1 SYSTEMPATH\CodeIgniter.php(913): App\Controllers\login\Login->__construct()
 2 SYSTEMPATH\CodeIgniter.php(493): CodeIgniter\CodeIgniter->createController()
 3 SYSTEMPATH\CodeIgniter.php(361): CodeIgniter\CodeIgniter->handleRequest(null, Object(Config\Cache), false)
 4 FCPATH\index.php(79): CodeIgniter\CodeIgniter->run()
 5 SYSTEMPATH\Commands\Server\rewrite.php(47): require_once('C:\\xampp\\htdocs\\github\\infovistar.in\\ci4\\public\\index.php')
WARNING - 2024-01-02 13:14:06 --> [DEPRECATED] Creation of dynamic property App\Controllers\login\Login::$datetime is deprecated in APPPATH\Controllers\login\Login.php on line 15.
 1 SYSTEMPATH\CodeIgniter.php(913): App\Controllers\login\Login->__construct()
 2 SYSTEMPATH\CodeIgniter.php(493): CodeIgniter\CodeIgniter->createController()
 3 SYSTEMPATH\CodeIgniter.php(361): CodeIgniter\CodeIgniter->handleRequest(null, Object(Config\Cache), false)
 4 FCPATH\index.php(79): CodeIgniter\CodeIgniter->run()
 5 SYSTEMPATH\Commands\Server\rewrite.php(47): require_once('C:\\xampp\\htdocs\\github\\infovistar.in\\ci4\\public\\index.php')
WARNING - 2024-01-02 13:14:30 --> [DEPRECATED] Creation of dynamic property App\Controllers\login\Login::$login is deprecated in APPPATH\Controllers\login\Login.php on line 12.
 1 SYSTEMPATH\CodeIgniter.php(913): App\Controllers\login\Login->__construct()
 2 SYSTEMPATH\CodeIgniter.php(493): CodeIgniter\CodeIgniter->createController()
 3 SYSTEMPATH\CodeIgniter.php(361): CodeIgniter\CodeIgniter->handleRequest(null, Object(Config\Cache), false)
 4 FCPATH\index.php(79): CodeIgniter\CodeIgniter->run()
 5 SYSTEMPATH\Commands\Server\rewrite.php(47): require_once('C:\\xampp\\htdocs\\github\\infovistar.in\\ci4\\public\\index.php')
WARNING - 2024-01-02 13:14:30 --> [DEPRECATED] Creation of dynamic property App\Controllers\login\Login::$ip_address is deprecated in APPPATH\Controllers\login\Login.php on line 14.
 1 SYSTEMPATH\CodeIgniter.php(913): App\Controllers\login\Login->__construct()
 2 SYSTEMPATH\CodeIgniter.php(493): CodeIgniter\CodeIgniter->createController()
 3 SYSTEMPATH\CodeIgniter.php(361): CodeIgniter\CodeIgniter->handleRequest(null, Object(Config\Cache), false)
 4 FCPATH\index.php(79): CodeIgniter\CodeIgniter->run()
 5 SYSTEMPATH\Commands\Server\rewrite.php(47): require_once('C:\\xampp\\htdocs\\github\\infovistar.in\\ci4\\public\\index.php')
WARNING - 2024-01-02 13:14:30 --> [DEPRECATED] Creation of dynamic property App\Controllers\login\Login::$datetime is deprecated in APPPATH\Controllers\login\Login.php on line 15.
 1 SYSTEMPATH\CodeIgniter.php(913): App\Controllers\login\Login->__construct()
 2 SYSTEMPATH\CodeIgniter.php(493): CodeIgniter\CodeIgniter->createController()
 3 SYSTEMPATH\CodeIgniter.php(361): CodeIgniter\CodeIgniter->handleRequest(null, Object(Config\Cache), false)
 4 FCPATH\index.php(79): CodeIgniter\CodeIgniter->run()
 5 SYSTEMPATH\Commands\Server\rewrite.php(47): require_once('C:\\xampp\\htdocs\\github\\infovistar.in\\ci4\\public\\index.php')
WARNING - 2024-01-02 13:14:31 --> [DEPRECATED] Creation of dynamic property App\Controllers\login\Login::$login is deprecated in APPPATH\Controllers\login\Login.php on line 12.
 1 SYSTEMPATH\CodeIgniter.php(913): App\Controllers\login\Login->__construct()
 2 SYSTEMPATH\CodeIgniter.php(493): CodeIgniter\CodeIgniter->createController()
 3 SYSTEMPATH\CodeIgniter.php(361): CodeIgniter\CodeIgniter->handleRequest(null, Object(Config\Cache), false)
 4 FCPATH\index.php(79): CodeIgniter\CodeIgniter->run()
 5 SYSTEMPATH\Commands\Server\rewrite.php(47): require_once('C:\\xampp\\htdocs\\github\\infovistar.in\\ci4\\public\\index.php')
WARNING - 2024-01-02 13:14:31 --> [DEPRECATED] Creation of dynamic property App\Controllers\login\Login::$ip_address is deprecated in APPPATH\Controllers\login\Login.php on line 14.
 1 SYSTEMPATH\CodeIgniter.php(913): App\Controllers\login\Login->__construct()
 2 SYSTEMPATH\CodeIgniter.php(493): CodeIgniter\CodeIgniter->createController()
 3 SYSTEMPATH\CodeIgniter.php(361): CodeIgniter\CodeIgniter->handleRequest(null, Object(Config\Cache), false)
 4 FCPATH\index.php(79): CodeIgniter\CodeIgniter->run()
 5 SYSTEMPATH\Commands\Server\rewrite.php(47): require_once('C:\\xampp\\htdocs\\github\\infovistar.in\\ci4\\public\\index.php')
WARNING - 2024-01-02 13:14:31 --> [DEPRECATED] Creation of dynamic property App\Controllers\login\Login::$datetime is deprecated in APPPATH\Controllers\login\Login.php on line 15.
 1 SYSTEMPATH\CodeIgniter.php(913): App\Controllers\login\Login->__construct()
 2 SYSTEMPATH\CodeIgniter.php(493): CodeIgniter\CodeIgniter->createController()
 3 SYSTEMPATH\CodeIgniter.php(361): CodeIgniter\CodeIgniter->handleRequest(null, Object(Config\Cache), false)
 4 FCPATH\index.php(79): CodeIgniter\CodeIgniter->run()
 5 SYSTEMPATH\Commands\Server\rewrite.php(47): require_once('C:\\xampp\\htdocs\\github\\infovistar.in\\ci4\\public\\index.php')
WARNING - 2024-01-02 13:14:41 --> [DEPRECATED] Creation of dynamic property App\Controllers\signup\Signup::$login is deprecated in APPPATH\Controllers\signup\Signup.php on line 12.
 1 SYSTEMPATH\CodeIgniter.php(913): App\Controllers\signup\Signup->__construct()
 2 SYSTEMPATH\CodeIgniter.php(493): CodeIgniter\CodeIgniter->createController()
 3 SYSTEMPATH\CodeIgniter.php(361): CodeIgniter\CodeIgniter->handleRequest(null, Object(Config\Cache), false)
 4 FCPATH\index.php(79): CodeIgniter\CodeIgniter->run()
 5 SYSTEMPATH\Commands\Server\rewrite.php(47): require_once('C:\\xampp\\htdocs\\github\\infovistar.in\\ci4\\public\\index.php')
WARNING - 2024-01-02 13:14:41 --> [DEPRECATED] Creation of dynamic property App\Controllers\signup\Signup::$ip_address is deprecated in APPPATH\Controllers\signup\Signup.php on line 14.
 1 SYSTEMPATH\CodeIgniter.php(913): App\Controllers\signup\Signup->__construct()
 2 SYSTEMPATH\CodeIgniter.php(493): CodeIgniter\CodeIgniter->createController()
 3 SYSTEMPATH\CodeIgniter.php(361): CodeIgniter\CodeIgniter->handleRequest(null, Object(Config\Cache), false)
 4 FCPATH\index.php(79): CodeIgniter\CodeIgniter->run()
 5 SYSTEMPATH\Commands\Server\rewrite.php(47): require_once('C:\\xampp\\htdocs\\github\\infovistar.in\\ci4\\public\\index.php')
WARNING - 2024-01-02 13:14:41 --> [DEPRECATED] Creation of dynamic property App\Controllers\signup\Signup::$datetime is deprecated in APPPATH\Controllers\signup\Signup.php on line 15.
 1 SYSTEMPATH\CodeIgniter.php(913): App\Controllers\signup\Signup->__construct()
 2 SYSTEMPATH\CodeIgniter.php(493): CodeIgniter\CodeIgniter->createController()
 3 SYSTEMPATH\CodeIgniter.php(361): CodeIgniter\CodeIgniter->handleRequest(null, Object(Config\Cache), false)
 4 FCPATH\index.php(79): CodeIgniter\CodeIgniter->run()
 5 SYSTEMPATH\Commands\Server\rewrite.php(47): require_once('C:\\xampp\\htdocs\\github\\infovistar.in\\ci4\\public\\index.php')
WARNING - 2024-01-02 13:14:42 --> [DEPRECATED] Creation of dynamic property App\Controllers\login\Login::$login is deprecated in APPPATH\Controllers\login\Login.php on line 12.
 1 SYSTEMPATH\CodeIgniter.php(913): App\Controllers\login\Login->__construct()
 2 SYSTEMPATH\CodeIgniter.php(493): CodeIgniter\CodeIgniter->createController()
 3 SYSTEMPATH\CodeIgniter.php(361): CodeIgniter\CodeIgniter->handleRequest(null, Object(Config\Cache), false)
 4 FCPATH\index.php(79): CodeIgniter\CodeIgniter->run()
 5 SYSTEMPATH\Commands\Server\rewrite.php(47): require_once('C:\\xampp\\htdocs\\github\\infovistar.in\\ci4\\public\\index.php')
WARNING - 2024-01-02 13:14:42 --> [DEPRECATED] Creation of dynamic property App\Controllers\login\Login::$ip_address is deprecated in APPPATH\Controllers\login\Login.php on line 14.
 1 SYSTEMPATH\CodeIgniter.php(913): App\Controllers\login\Login->__construct()
 2 SYSTEMPATH\CodeIgniter.php(493): CodeIgniter\CodeIgniter->createController()
 3 SYSTEMPATH\CodeIgniter.php(361): CodeIgniter\CodeIgniter->handleRequest(null, Object(Config\Cache), false)
 4 FCPATH\index.php(79): CodeIgniter\CodeIgniter->run()
 5 SYSTEMPATH\Commands\Server\rewrite.php(47): require_once('C:\\xampp\\htdocs\\github\\infovistar.in\\ci4\\public\\index.php')
WARNING - 2024-01-02 13:14:42 --> [DEPRECATED] Creation of dynamic property App\Controllers\login\Login::$datetime is deprecated in APPPATH\Controllers\login\Login.php on line 15.
 1 SYSTEMPATH\CodeIgniter.php(913): App\Controllers\login\Login->__construct()
 2 SYSTEMPATH\CodeIgniter.php(493): CodeIgniter\CodeIgniter->createController()
 3 SYSTEMPATH\CodeIgniter.php(361): CodeIgniter\CodeIgniter->handleRequest(null, Object(Config\Cache), false)
 4 FCPATH\index.php(79): CodeIgniter\CodeIgniter->run()
 5 SYSTEMPATH\Commands\Server\rewrite.php(47): require_once('C:\\xampp\\htdocs\\github\\infovistar.in\\ci4\\public\\index.php')
WARNING - 2024-01-02 13:14:44 --> [DEPRECATED] Creation of dynamic property App\Controllers\login\Login::$login is deprecated in APPPATH\Controllers\login\Login.php on line 12.
 1 SYSTEMPATH\CodeIgniter.php(913): App\Controllers\login\Login->__construct()
 2 SYSTEMPATH\CodeIgniter.php(493): CodeIgniter\CodeIgniter->createController()
 3 SYSTEMPATH\CodeIgniter.php(361): CodeIgniter\CodeIgniter->handleRequest(null, Object(Config\Cache), false)
 4 FCPATH\index.php(79): CodeIgniter\CodeIgniter->run()
 5 SYSTEMPATH\Commands\Server\rewrite.php(47): require_once('C:\\xampp\\htdocs\\github\\infovistar.in\\ci4\\public\\index.php')
WARNING - 2024-01-02 13:14:44 --> [DEPRECATED] Creation of dynamic property App\Controllers\login\Login::$ip_address is deprecated in APPPATH\Controllers\login\Login.php on line 14.
 1 SYSTEMPATH\CodeIgniter.php(913): App\Controllers\login\Login->__construct()
 2 SYSTEMPATH\CodeIgniter.php(493): CodeIgniter\CodeIgniter->createController()
 3 SYSTEMPATH\CodeIgniter.php(361): CodeIgniter\CodeIgniter->handleRequest(null, Object(Config\Cache), false)
 4 FCPATH\index.php(79): CodeIgniter\CodeIgniter->run()
 5 SYSTEMPATH\Commands\Server\rewrite.php(47): require_once('C:\\xampp\\htdocs\\github\\infovistar.in\\ci4\\public\\index.php')
WARNING - 2024-01-02 13:14:44 --> [DEPRECATED] Creation of dynamic property App\Controllers\login\Login::$datetime is deprecated in APPPATH\Controllers\login\Login.php on line 15.
 1 SYSTEMPATH\CodeIgniter.php(913): App\Controllers\login\Login->__construct()
 2 SYSTEMPATH\CodeIgniter.php(493): CodeIgniter\CodeIgniter->createController()
 3 SYSTEMPATH\CodeIgniter.php(361): CodeIgniter\CodeIgniter->handleRequest(null, Object(Config\Cache), false)
 4 FCPATH\index.php(79): CodeIgniter\CodeIgniter->run()
 5 SYSTEMPATH\Commands\Server\rewrite.php(47): require_once('C:\\xampp\\htdocs\\github\\infovistar.in\\ci4\\public\\index.php')
WARNING - 2024-01-02 13:14:50 --> [DEPRECATED] Creation of dynamic property App\Controllers\login\Login::$login is deprecated in APPPATH\Controllers\login\Login.php on line 12.
 1 SYSTEMPATH\CodeIgniter.php(913): App\Controllers\login\Login->__construct()
 2 SYSTEMPATH\CodeIgniter.php(493): CodeIgniter\CodeIgniter->createController()
 3 SYSTEMPATH\CodeIgniter.php(361): CodeIgniter\CodeIgniter->handleRequest(null, Object(Config\Cache), false)
 4 FCPATH\index.php(79): CodeIgniter\CodeIgniter->run()
 5 SYSTEMPATH\Commands\Server\rewrite.php(47): require_once('C:\\xampp\\htdocs\\github\\infovistar.in\\ci4\\public\\index.php')
WARNING - 2024-01-02 13:14:50 --> [DEPRECATED] Creation of dynamic property App\Controllers\login\Login::$ip_address is deprecated in APPPATH\Controllers\login\Login.php on line 14.
 1 SYSTEMPATH\CodeIgniter.php(913): App\Controllers\login\Login->__construct()
 2 SYSTEMPATH\CodeIgniter.php(493): CodeIgniter\CodeIgniter->createController()
 3 SYSTEMPATH\CodeIgniter.php(361): CodeIgniter\CodeIgniter->handleRequest(null, Object(Config\Cache), false)
 4 FCPATH\index.php(79): CodeIgniter\CodeIgniter->run()
 5 SYSTEMPATH\Commands\Server\rewrite.php(47): require_once('C:\\xampp\\htdocs\\github\\infovistar.in\\ci4\\public\\index.php')
WARNING - 2024-01-02 13:14:50 --> [DEPRECATED] Creation of dynamic property App\Controllers\login\Login::$datetime is deprecated in APPPATH\Controllers\login\Login.php on line 15.
 1 SYSTEMPATH\CodeIgniter.php(913): App\Controllers\login\Login->__construct()
 2 SYSTEMPATH\CodeIgniter.php(493): CodeIgniter\CodeIgniter->createController()
 3 SYSTEMPATH\CodeIgniter.php(361): CodeIgniter\CodeIgniter->handleRequest(null, Object(Config\Cache), false)
 4 FCPATH\index.php(79): CodeIgniter\CodeIgniter->run()
 5 SYSTEMPATH\Commands\Server\rewrite.php(47): require_once('C:\\xampp\\htdocs\\github\\infovistar.in\\ci4\\public\\index.php')
INFO - 2024-01-02 13:18:18 --> Session: Class initialized using 'CodeIgniter\Session\Handlers\FileHandler' driver.
WARNING - 2024-01-02 13:18:18 --> [DEPRECATED] Creation of dynamic property App\Controllers\login\Login::$session is deprecated in APPPATH\Controllers\login\Login.php on line 12.
 1 SYSTEMPATH\CodeIgniter.php(913): App\Controllers\login\Login->__construct()
 2 SYSTEMPATH\CodeIgniter.php(493): CodeIgniter\CodeIgniter->createController()
 3 SYSTEMPATH\CodeIgniter.php(361): CodeIgniter\CodeIgniter->handleRequest(null, Object(Config\Cache), false)
 4 FCPATH\index.php(79): CodeIgniter\CodeIgniter->run()
 5 SYSTEMPATH\Commands\Server\rewrite.php(47): require_once('C:\\xampp\\htdocs\\github\\infovistar.in\\ci4\\public\\index.php')
WARNING - 2024-01-02 13:18:18 --> [DEPRECATED] Creation of dynamic property App\Controllers\login\Login::$login is deprecated in APPPATH\Controllers\login\Login.php on line 13.
 1 SYSTEMPATH\CodeIgniter.php(913): App\Controllers\login\Login->__construct()
 2 SYSTEMPATH\CodeIgniter.php(493): CodeIgniter\CodeIgniter->createController()
 3 SYSTEMPATH\CodeIgniter.php(361): CodeIgniter\CodeIgniter->handleRequest(null, Object(Config\Cache), false)
 4 FCPATH\index.php(79): CodeIgniter\CodeIgniter->run()
 5 SYSTEMPATH\Commands\Server\rewrite.php(47): require_once('C:\\xampp\\htdocs\\github\\infovistar.in\\ci4\\public\\index.php')
WARNING - 2024-01-02 13:18:18 --> [DEPRECATED] Creation of dynamic property App\Controllers\login\Login::$ip_address is deprecated in APPPATH\Controllers\login\Login.php on line 15.
 1 SYSTEMPATH\CodeIgniter.php(913): App\Controllers\login\Login->__construct()
 2 SYSTEMPATH\CodeIgniter.php(493): CodeIgniter\CodeIgniter->createController()
 3 SYSTEMPATH\CodeIgniter.php(361): CodeIgniter\CodeIgniter->handleRequest(null, Object(Config\Cache), false)
 4 FCPATH\index.php(79): CodeIgniter\CodeIgniter->run()
 5 SYSTEMPATH\Commands\Server\rewrite.php(47): require_once('C:\\xampp\\htdocs\\github\\infovistar.in\\ci4\\public\\index.php')
WARNING - 2024-01-02 13:18:18 --> [DEPRECATED] Creation of dynamic property App\Controllers\login\Login::$datetime is deprecated in APPPATH\Controllers\login\Login.php on line 16.
 1 SYSTEMPATH\CodeIgniter.php(913): App\Controllers\login\Login->__construct()
 2 SYSTEMPATH\CodeIgniter.php(493): CodeIgniter\CodeIgniter->createController()
 3 SYSTEMPATH\CodeIgniter.php(361): CodeIgniter\CodeIgniter->handleRequest(null, Object(Config\Cache), false)
 4 FCPATH\index.php(79): CodeIgniter\CodeIgniter->run()
 5 SYSTEMPATH\Commands\Server\rewrite.php(47): require_once('C:\\xampp\\htdocs\\github\\infovistar.in\\ci4\\public\\index.php')
INFO - 2024-01-02 13:18:19 --> Session: Class initialized using 'CodeIgniter\Session\Handlers\FileHandler' driver.
WARNING - 2024-01-02 13:18:19 --> [DEPRECATED] Creation of dynamic property App\Controllers\login\Login::$session is deprecated in APPPATH\Controllers\login\Login.php on line 12.
 1 SYSTEMPATH\CodeIgniter.php(913): App\Controllers\login\Login->__construct()
 2 SYSTEMPATH\CodeIgniter.php(493): CodeIgniter\CodeIgniter->createController()
 3 SYSTEMPATH\CodeIgniter.php(361): CodeIgniter\CodeIgniter->handleRequest(null, Object(Config\Cache), false)
 4 FCPATH\index.php(79): CodeIgniter\CodeIgniter->run()
 5 SYSTEMPATH\Commands\Server\rewrite.php(47): require_once('C:\\xampp\\htdocs\\github\\infovistar.in\\ci4\\public\\index.php')
WARNING - 2024-01-02 13:18:19 --> [DEPRECATED] Creation of dynamic property App\Controllers\login\Login::$login is deprecated in APPPATH\Controllers\login\Login.php on line 13.
 1 SYSTEMPATH\CodeIgniter.php(913): App\Controllers\login\Login->__construct()
 2 SYSTEMPATH\CodeIgniter.php(493): CodeIgniter\CodeIgniter->createController()
 3 SYSTEMPATH\CodeIgniter.php(361): CodeIgniter\CodeIgniter->handleRequest(null, Object(Config\Cache), false)
 4 FCPATH\index.php(79): CodeIgniter\CodeIgniter->run()
 5 SYSTEMPATH\Commands\Server\rewrite.php(47): require_once('C:\\xampp\\htdocs\\github\\infovistar.in\\ci4\\public\\index.php')
WARNING - 2024-01-02 13:18:19 --> [DEPRECATED] Creation of dynamic property App\Controllers\login\Login::$ip_address is deprecated in APPPATH\Controllers\login\Login.php on line 15.
 1 SYSTEMPATH\CodeIgniter.php(913): App\Controllers\login\Login->__construct()
 2 SYSTEMPATH\CodeIgniter.php(493): CodeIgniter\CodeIgniter->createController()
 3 SYSTEMPATH\CodeIgniter.php(361): CodeIgniter\CodeIgniter->handleRequest(null, Object(Config\Cache), false)
 4 FCPATH\index.php(79): CodeIgniter\CodeIgniter->run()
 5 SYSTEMPATH\Commands\Server\rewrite.php(47): require_once('C:\\xampp\\htdocs\\github\\infovistar.in\\ci4\\public\\index.php')
WARNING - 2024-01-02 13:18:19 --> [DEPRECATED] Creation of dynamic property App\Controllers\login\Login::$datetime is deprecated in APPPATH\Controllers\login\Login.php on line 16.
 1 SYSTEMPATH\CodeIgniter.php(913): App\Controllers\login\Login->__construct()
 2 SYSTEMPATH\CodeIgniter.php(493): CodeIgniter\CodeIgniter->createController()
 3 SYSTEMPATH\CodeIgniter.php(361): CodeIgniter\CodeIgniter->handleRequest(null, Object(Config\Cache), false)
 4 FCPATH\index.php(79): CodeIgniter\CodeIgniter->run()
 5 SYSTEMPATH\Commands\Server\rewrite.php(47): require_once('C:\\xampp\\htdocs\\github\\infovistar.in\\ci4\\public\\index.php')
INFO - 2024-01-02 13:18:21 --> Session: Class initialized using 'CodeIgniter\Session\Handlers\FileHandler' driver.
WARNING - 2024-01-02 13:18:21 --> [DEPRECATED] Creation of dynamic property App\Controllers\login\Login::$session is deprecated in APPPATH\Controllers\login\Login.php on line 12.
 1 SYSTEMPATH\CodeIgniter.php(913): App\Controllers\login\Login->__construct()
 2 SYSTEMPATH\CodeIgniter.php(493): CodeIgniter\CodeIgniter->createController()
 3 SYSTEMPATH\CodeIgniter.php(361): CodeIgniter\CodeIgniter->handleRequest(null, Object(Config\Cache), false)
 4 FCPATH\index.php(79): CodeIgniter\CodeIgniter->run()
 5 SYSTEMPATH\Commands\Server\rewrite.php(47): require_once('C:\\xampp\\htdocs\\github\\infovistar.in\\ci4\\public\\index.php')
WARNING - 2024-01-02 13:18:21 --> [DEPRECATED] Creation of dynamic property App\Controllers\login\Login::$login is deprecated in APPPATH\Controllers\login\Login.php on line 13.
 1 SYSTEMPATH\CodeIgniter.php(913): App\Controllers\login\Login->__construct()
 2 SYSTEMPATH\CodeIgniter.php(493): CodeIgniter\CodeIgniter->createController()
 3 SYSTEMPATH\CodeIgniter.php(361): CodeIgniter\CodeIgniter->handleRequest(null, Object(Config\Cache), false)
 4 FCPATH\index.php(79): CodeIgniter\CodeIgniter->run()
 5 SYSTEMPATH\Commands\Server\rewrite.php(47): require_once('C:\\xampp\\htdocs\\github\\infovistar.in\\ci4\\public\\index.php')
WARNING - 2024-01-02 13:18:21 --> [DEPRECATED] Creation of dynamic property App\Controllers\login\Login::$ip_address is deprecated in APPPATH\Controllers\login\Login.php on line 15.
 1 SYSTEMPATH\CodeIgniter.php(913): App\Controllers\login\Login->__construct()
 2 SYSTEMPATH\CodeIgniter.php(493): CodeIgniter\CodeIgniter->createController()
 3 SYSTEMPATH\CodeIgniter.php(361): CodeIgniter\CodeIgniter->handleRequest(null, Object(Config\Cache), false)
 4 FCPATH\index.php(79): CodeIgniter\CodeIgniter->run()
 5 SYSTEMPATH\Commands\Server\rewrite.php(47): require_once('C:\\xampp\\htdocs\\github\\infovistar.in\\ci4\\public\\index.php')
WARNING - 2024-01-02 13:18:21 --> [DEPRECATED] Creation of dynamic property App\Controllers\login\Login::$datetime is deprecated in APPPATH\Controllers\login\Login.php on line 16.
 1 SYSTEMPATH\CodeIgniter.php(913): App\Controllers\login\Login->__construct()
 2 SYSTEMPATH\CodeIgniter.php(493): CodeIgniter\CodeIgniter->createController()
 3 SYSTEMPATH\CodeIgniter.php(361): CodeIgniter\CodeIgniter->handleRequest(null, Object(Config\Cache), false)
 4 FCPATH\index.php(79): CodeIgniter\CodeIgniter->run()
 5 SYSTEMPATH\Commands\Server\rewrite.php(47): require_once('C:\\xampp\\htdocs\\github\\infovistar.in\\ci4\\public\\index.php')
INFO - 2024-01-02 13:18:29 --> Session: Class initialized using 'CodeIgniter\Session\Handlers\FileHandler' driver.
WARNING - 2024-01-02 13:18:29 --> [DEPRECATED] Creation of dynamic property App\Controllers\login\Login::$session is deprecated in APPPATH\Controllers\login\Login.php on line 12.
 1 SYSTEMPATH\CodeIgniter.php(913): App\Controllers\login\Login->__construct()
 2 SYSTEMPATH\CodeIgniter.php(493): CodeIgniter\CodeIgniter->createController()
 3 SYSTEMPATH\CodeIgniter.php(361): CodeIgniter\CodeIgniter->handleRequest(null, Object(Config\Cache), false)
 4 FCPATH\index.php(79): CodeIgniter\CodeIgniter->run()
 5 SYSTEMPATH\Commands\Server\rewrite.php(47): require_once('C:\\xampp\\htdocs\\github\\infovistar.in\\ci4\\public\\index.php')
WARNING - 2024-01-02 13:18:29 --> [DEPRECATED] Creation of dynamic property App\Controllers\login\Login::$login is deprecated in APPPATH\Controllers\login\Login.php on line 13.
 1 SYSTEMPATH\CodeIgniter.php(913): App\Controllers\login\Login->__construct()
 2 SYSTEMPATH\CodeIgniter.php(493): CodeIgniter\CodeIgniter->createController()
 3 SYSTEMPATH\CodeIgniter.php(361): CodeIgniter\CodeIgniter->handleRequest(null, Object(Config\Cache), false)
 4 FCPATH\index.php(79): CodeIgniter\CodeIgniter->run()
 5 SYSTEMPATH\Commands\Server\rewrite.php(47): require_once('C:\\xampp\\htdocs\\github\\infovistar.in\\ci4\\public\\index.php')
WARNING - 2024-01-02 13:18:29 --> [DEPRECATED] Creation of dynamic property App\Controllers\login\Login::$ip_address is deprecated in APPPATH\Controllers\login\Login.php on line 15.
 1 SYSTEMPATH\CodeIgniter.php(913): App\Controllers\login\Login->__construct()
 2 SYSTEMPATH\CodeIgniter.php(493): CodeIgniter\CodeIgniter->createController()
 3 SYSTEMPATH\CodeIgniter.php(361): CodeIgniter\CodeIgniter->handleRequest(null, Object(Config\Cache), false)
 4 FCPATH\index.php(79): CodeIgniter\CodeIgniter->run()
 5 SYSTEMPATH\Commands\Server\rewrite.php(47): require_once('C:\\xampp\\htdocs\\github\\infovistar.in\\ci4\\public\\index.php')
WARNING - 2024-01-02 13:18:29 --> [DEPRECATED] Creation of dynamic property App\Controllers\login\Login::$datetime is deprecated in APPPATH\Controllers\login\Login.php on line 16.
 1 SYSTEMPATH\CodeIgniter.php(913): App\Controllers\login\Login->__construct()
 2 SYSTEMPATH\CodeIgniter.php(493): CodeIgniter\CodeIgniter->createController()
 3 SYSTEMPATH\CodeIgniter.php(361): CodeIgniter\CodeIgniter->handleRequest(null, Object(Config\Cache), false)
 4 FCPATH\index.php(79): CodeIgniter\CodeIgniter->run()
 5 SYSTEMPATH\Commands\Server\rewrite.php(47): require_once('C:\\xampp\\htdocs\\github\\infovistar.in\\ci4\\public\\index.php')
